Using pre-set license
Built from '2020.3/staging' branch; Version is '2020.3.10f1 (297d780c91bc) revision 2719096'; Using compiler version '192528614'; Build Type 'Release'
OS: 'Windows 10 Home China; OS build 19042.985; Version 2009; 64bit' Language: 'zh' Physical Memory: 16208 MB
BatchMode: 1, IsHumanControllingUs: 0, StartBugReporterOnCrash: 0, Is64bit: 1, IsPro: 0

 COMMAND LINE ARGUMENTS:
D:\UnityInstall\2020.3.10f1\Editor\Unity.exe
-adb2
-batchMode
-noUpm
-name
AssetImportWorker0
-projectPath
D:/SmartMusicNetCoreAudio/SmartMusicClient
-logFile
Logs/AssetImportWorker0.log
-srvPort
57365
Successfully changed project path to: D:/SmartMusicNetCoreAudio/SmartMusicClient
D:/SmartMusicNetCoreAudio/SmartMusicClient
Using Asset Import Pipeline V2.
Refreshing native plugins compatible for Editor in 21.58 ms, found 2 plugins.
Preloading 0 native plugins for Editor in 0.00 ms.
Initialize engine version: 2020.3.10f1 (297d780c91bc)
[Subsystems] Discovering subsystems at path D:/UnityInstall/2020.3.10f1/Editor/Data/Resources/UnitySubsystems
[Subsystems] Discovering subsystems at path D:/SmartMusicNetCoreAudio/SmartMusicClient/Assets
GfxDevice: creating device client; threaded=0
Direct3D:
    Version:  Direct3D 11.0 [level 11.1]
    Renderer: NVIDIA GeForce GTX 1650 SUPER (ID=0x2187)
    Vendor:   
    VRAM:     3955 MB
    Driver:   27.21.14.5785
Initialize mono
Mono path[0] = 'D:/UnityInstall/2020.3.10f1/Editor/Data/Managed'
Mono path[1] = 'D:/UnityInstall/2020.3.10f1/Editor/Data/MonoBleedingEdge/lib/mono/unityjit'
Mono config path = 'D:/UnityInstall/2020.3.10f1/Editor/Data/MonoBleedingEdge/etc'
Using monoOptions --debugger-agent=transport=dt_socket,embedding=1,server=y,suspend=n,address=127.0.0.1:56136
Begin MonoManager ReloadAssembly
Registering precompiled unity dll's ...
Register platform support module: D:/UnityInstall/2020.3.10f1/Editor/Data/PlaybackEngines/WindowsStandaloneSupport/UnityEditor.WindowsStandalone.Extensions.dll
Registered in 0.000734 seconds.
Native extension for WindowsStandalone target not found
Refreshing native plugins compatible for Editor in 20.74 ms, found 2 plugins.
Preloading 0 native plugins for Editor in 0.00 ms.
Mono: successfully reloaded assembly
- Completed reload, in  1.582 seconds
Platform modules already initialized, skipping
Registering precompiled user dll's ...
Registered in 0.002693 seconds.
Begin MonoManager ReloadAssembly
Native extension for WindowsStandalone target not found
Refreshing native plugins compatible for Editor in 0.28 ms, found 2 plugins.
Preloading 0 native plugins for Editor in 0.00 ms.
DisplayProgressbar: Restoring NuGet Packages
System.IO.InvalidDataException: End of Central Directory record could not be found.
  at System.IO.Compression.ZipArchive.ReadEndOfCentralDirectory () [0x0002c] in <893b20abc59547dc8b2fd41a7233777e>:0 
  at System.IO.Compression.ZipArchive.Init (System.IO.Stream stream, System.IO.Compression.ZipArchiveMode mode, System.Boolean leaveOpen) [0x001c8] in <893b20abc59547dc8b2fd41a7233777e>:0 
  at System.IO.Compression.ZipArchive..ctor (System.IO.Stream stream, System.IO.Compression.ZipArchiveMode mode, System.Boolean leaveOpen, System.Text.Encoding entryNameEncoding) [0x0001c] in <893b20abc59547dc8b2fd41a7233777e>:0 
  at System.IO.Compression.ZipFile.Open (System.String archiveFileName, System.IO.Compression.ZipArchiveMode mode, System.Text.Encoding entryNameEncoding) [0x0005b] in <21010871e8cb4079b5e9593dc3e69066>:0 
  at System.IO.Compression.ZipFile.Open (System.String archiveFileName, System.IO.Compression.ZipArchiveMode mode) [0x00000] in <21010871e8cb4079b5e9593dc3e69066>:0 
  at System.IO.Compression.ZipFile.OpenRead (System.String archiveFileName) [0x00000] in <21010871e8cb4079b5e9593dc3e69066>:0 
  at NugetForUnity.NuspecFile.FromNupkgFile (System.String nupkgFilepath) [0x0000e] in <ee6cbe4822d046d98553a66d7fbaadcd>:0 
  at NugetForUnity.NugetPackage.FromNupkgFile (System.String nupkgFilepath) [0x00000] in <ee6cbe4822d046d98553a66d7fbaadcd>:0 
  at NugetForUnity.NugetHelper.GetCachedPackage (NugetForUnity.NugetPackageIdentifier packageId) [0x0004b] in <ee6cbe4822d046d98553a66d7fbaadcd>:0 
  at NugetForUnity.NugetHelper.GetSpecificPackage (NugetForUnity.NugetPackageIdentifier packageId) [0x00010] in <ee6cbe4822d046d98553a66d7fbaadcd>:0 
  at NugetForUnity.NugetHelper.InstallIdentifier (NugetForUnity.NugetPackageIdentifier package, System.Boolean refreshAssets) [0x0001e] in <ee6cbe4822d046d98553a66d7fbaadcd>:0 
  at NugetForUnity.NugetHelper.Restore () [0x000cc] in <ee6cbe4822d046d98553a66d7fbaadcd>:0 
UnityEngine.StackTraceUtility:ExtractStackTrace ()
UnityEngine.DebugLogHandler:LogFormat (UnityEngine.LogType,UnityEngine.Object,string,object[])
UnityEngine.Logger:LogFormat (UnityEngine.LogType,string,object[])
UnityEngine.Debug:LogErrorFormat (string,object[])
NugetForUnity.NugetHelper:Restore ()
NugetForUnity.NugetHelper:.cctor ()
System.Runtime.CompilerServices.RuntimeHelpers:RunClassConstructor (System.RuntimeTypeHandle)
UnityEditor.EditorAssemblies:ProcessInitializeOnLoadAttributes (System.Type[])

Mono: successfully reloaded assembly
- Completed reload, in  0.884 seconds
Platform modules already initialized, skipping
========================================================================
Worker process is ready to serve import requests
Launched and connected shader compiler UnityShaderCompiler.exe after 0.07 seconds
Refreshing native plugins compatible for Editor in 0.28 ms, found 2 plugins.
Preloading 0 native plugins for Editor in 0.00 ms.
Unloading 1411 Unused Serialized files (Serialized files now loaded: 0)
System memory in use before: 68.0 MB.
System memory in use after: 68.0 MB.

Unloading 24 unused Assets to reduce memory usage. Loaded Objects now: 1842.
Total: 1.515800 ms (FindLiveObjects: 0.130500 ms CreateObjectMapping: 0.037500 ms MarkObjects: 1.284100 ms  DeleteObjects: 0.062900 ms)

========================================================================
Received Import Request.
  path: Assets/Unity-Logs-Viewer/ReporterDocumentation
  artifactKey: Guid(b502cdbcc667dce419bfb328dac18458) Importer(815301076,1909f56bfc062723c751e8b465ee728b)
Start importing Assets/Unity-Logs-Viewer/ReporterDocumentation using Guid(b502cdbcc667dce419bfb328dac18458) Importer(815301076,1909f56bfc062723c751e8b465ee728b)  -> (artifact id: 'd672ac2c91d1ff804c7be38ab12810d3') in 0.003247 seconds
  Import took 0.004866 seconds .

========================================================================
Received Import Request.
  Time since last request: 0.000134 seconds.
  path: Assets/Unity-Logs-Viewer/Reporter
  artifactKey: Guid(0264958cc64273c46a257dd5bc018605) Importer(815301076,1909f56bfc062723c751e8b465ee728b)
Start importing Assets/Unity-Logs-Viewer/Reporter using Guid(0264958cc64273c46a257dd5bc018605) Importer(815301076,1909f56bfc062723c751e8b465ee728b)  -> (artifact id: 'ef64df0447b7c176a7b371dbd9c9594e') in 0.001424 seconds
  Import took 0.002792 seconds .

========================================================================
Received Import Request.
  Time since last request: 4.548787 seconds.
  path: Assets/Unity-Logs-Viewer/Reporter/Editor
  artifactKey: Guid(15d89de0102fd6743afd4d727f43d481) Importer(815301076,1909f56bfc062723c751e8b465ee728b)
Start importing Assets/Unity-Logs-Viewer/Reporter/Editor using Guid(15d89de0102fd6743afd4d727f43d481) Importer(815301076,1909f56bfc062723c751e8b465ee728b)  -> (artifact id: '9b13cc328afc5213f7741c9be24c8d76') in 0.001625 seconds
  Import took 0.003453 seconds .

========================================================================
Received Import Request.
  Time since last request: 17.447142 seconds.
  path: Assets/Scenes/SmartMusic.jpg
  artifactKey: Guid(a56b3ffd77137f842a6d4fc9eb6aa9f1) Importer(815301076,1909f56bfc062723c751e8b465ee728b)
Start importing Assets/Scenes/SmartMusic.jpg using Guid(a56b3ffd77137f842a6d4fc9eb6aa9f1) Importer(815301076,1909f56bfc062723c751e8b465ee728b)  -> (artifact id: '594df3a56eb6f2ec0177019b3136600c') in 0.119747 seconds
  Import took 0.121678 seconds .

========================================================================
Received Import Request.
  Time since last request: 0.003029 seconds.
  path: Assets/Scenes/SmartMusic.jpg
  artifactKey: Guid(a56b3ffd77137f842a6d4fc9eb6aa9f1) Importer(815301076,1909f56bfc062723c751e8b465ee728b)
Start importing Assets/Scenes/SmartMusic.jpg using Guid(a56b3ffd77137f842a6d4fc9eb6aa9f1) Importer(815301076,1909f56bfc062723c751e8b465ee728b)  -> (artifact id: '594df3a56eb6f2ec0177019b3136600c') in 0.030856 seconds
  Import took 0.037043 seconds .

========================================================================
Received Prepare
Refreshing native plugins compatible for Editor in 2.39 ms, found 2 plugins.
Preloading 0 native plugins for Editor in 0.00 ms.
Unloading 17 Unused Serialized files (Serialized files now loaded: 0)
System memory in use before: 40.3 MB.
System memory in use after: 40.4 MB.

Unloading 17 unused Assets to reduce memory usage. Loaded Objects now: 1844.
Total: 2.338200 ms (FindLiveObjects: 0.124600 ms CreateObjectMapping: 0.038300 ms MarkObjects: 2.140200 ms  DeleteObjects: 0.034400 ms)

========================================================================
Received Prepare
Registering precompiled user dll's ...
Registered in 0.002611 seconds.
Begin MonoManager ReloadAssembly
Native extension for WindowsStandalone target not found
Refreshing native plugins compatible for Editor in 0.29 ms, found 2 plugins.
Preloading 0 native plugins for Editor in 0.00 ms.
System.IO.InvalidDataException: End of Central Directory record could not be found.
  at System.IO.Compression.ZipArchive.ReadEndOfCentralDirectory () [0x0002c] in <893b20abc59547dc8b2fd41a7233777e>:0 
  at System.IO.Compression.ZipArchive.Init (System.IO.Stream stream, System.IO.Compression.ZipArchiveMode mode, System.Boolean leaveOpen) [0x001c8] in <893b20abc59547dc8b2fd41a7233777e>:0 
  at System.IO.Compression.ZipArchive..ctor (System.IO.Stream stream, System.IO.Compression.ZipArchiveMode mode, System.Boolean leaveOpen, System.Text.Encoding entryNameEncoding) [0x0001c] in <893b20abc59547dc8b2fd41a7233777e>:0 
  at System.IO.Compression.ZipFile.Open (System.String archiveFileName, System.IO.Compression.ZipArchiveMode mode, System.Text.Encoding entryNameEncoding) [0x0005b] in <21010871e8cb4079b5e9593dc3e69066>:0 
  at System.IO.Compression.ZipFile.Open (System.String archiveFileName, System.IO.Compression.ZipArchiveMode mode) [0x00000] in <21010871e8cb4079b5e9593dc3e69066>:0 
  at System.IO.Compression.ZipFile.OpenRead (System.String archiveFileName) [0x00000] in <21010871e8cb4079b5e9593dc3e69066>:0 
  at NugetForUnity.NuspecFile.FromNupkgFile (System.String nupkgFilepath) [0x0000e] in <ee6cbe4822d046d98553a66d7fbaadcd>:0 
  at NugetForUnity.NugetPackage.FromNupkgFile (System.String nupkgFilepath) [0x00000] in <ee6cbe4822d046d98553a66d7fbaadcd>:0 
  at NugetForUnity.NugetHelper.GetCachedPackage (NugetForUnity.NugetPackageIdentifier packageId) [0x0004b] in <ee6cbe4822d046d98553a66d7fbaadcd>:0 
  at NugetForUnity.NugetHelper.GetSpecificPackage (NugetForUnity.NugetPackageIdentifier packageId) [0x00010] in <ee6cbe4822d046d98553a66d7fbaadcd>:0 
  at NugetForUnity.NugetHelper.InstallIdentifier (NugetForUnity.NugetPackageIdentifier package, System.Boolean refreshAssets) [0x0001e] in <ee6cbe4822d046d98553a66d7fbaadcd>:0 
  at NugetForUnity.NugetHelper.Restore () [0x000cc] in <ee6cbe4822d046d98553a66d7fbaadcd>:0 
UnityEngine.StackTraceUtility:ExtractStackTrace ()
UnityEngine.DebugLogHandler:LogFormat (UnityEngine.LogType,UnityEngine.Object,string,object[])
UnityEngine.Logger:LogFormat (UnityEngine.LogType,string,object[])
UnityEngine.Debug:LogErrorFormat (string,object[])
NugetForUnity.NugetHelper:Restore ()
NugetForUnity.NugetHelper:.cctor ()
System.Runtime.CompilerServices.RuntimeHelpers:RunClassConstructor (System.RuntimeTypeHandle)
UnityEditor.EditorAssemblies:ProcessInitializeOnLoadAttributes (System.Type[])

Mono: successfully reloaded assembly
- Completed reload, in  0.835 seconds
Platform modules already initialized, skipping
Switching build target platform(19) subTarget(0) extendedPlatform(0) -> platform(13) subTarget(537395200) extendedPlatform(0)
Refreshing native plugins compatible for Editor in 0.47 ms, found 2 plugins.
Preloading 0 native plugins for Editor in 0.00 ms.
Unloading 1409 Unused Serialized files (Serialized files now loaded: 0)
System memory in use before: 67.9 MB.
System memory in use after: 68.0 MB.

Unloading 19 unused Assets to reduce memory usage. Loaded Objects now: 1847.
Total: 1.435500 ms (FindLiveObjects: 0.123200 ms CreateObjectMapping: 0.036800 ms MarkObjects: 1.232400 ms  DeleteObjects: 0.042200 ms)

AssetImportParameters requested are different than current active one (requested -> active):
  custom:graphics/normal-map-encoding: 01000000000000000000000000000000 -> 02000000000000000000000000000000
========================================================================
Received Prepare
Refreshing native plugins compatible for Editor in 2.63 ms, found 2 plugins.
Preloading 0 native plugins for Editor in 0.00 ms.
Unloading 17 Unused Serialized files (Serialized files now loaded: 0)
System memory in use before: 40.5 MB.
System memory in use after: 40.5 MB.

Unloading 17 unused Assets to reduce memory usage. Loaded Objects now: 1847.
Total: 1.447000 ms (FindLiveObjects: 0.123400 ms CreateObjectMapping: 0.037000 ms MarkObjects: 1.249000 ms  DeleteObjects: 0.037000 ms)

========================================================================
Received Prepare
Registering precompiled user dll's ...
Registered in 0.124881 seconds.
Begin MonoManager ReloadAssembly
Native extension for WindowsStandalone target not found
Refreshing native plugins compatible for Editor in 0.31 ms, found 2 plugins.
Preloading 0 native plugins for Editor in 0.00 ms.
System.IO.InvalidDataException: End of Central Directory record could not be found.
  at System.IO.Compression.ZipArchive.ReadEndOfCentralDirectory () [0x0002c] in <893b20abc59547dc8b2fd41a7233777e>:0 
  at System.IO.Compression.ZipArchive.Init (System.IO.Stream stream, System.IO.Compression.ZipArchiveMode mode, System.Boolean leaveOpen) [0x001c8] in <893b20abc59547dc8b2fd41a7233777e>:0 
  at System.IO.Compression.ZipArchive..ctor (System.IO.Stream stream, System.IO.Compression.ZipArchiveMode mode, System.Boolean leaveOpen, System.Text.Encoding entryNameEncoding) [0x0001c] in <893b20abc59547dc8b2fd41a7233777e>:0 
  at System.IO.Compression.ZipFile.Open (System.String archiveFileName, System.IO.Compression.ZipArchiveMode mode, System.Text.Encoding entryNameEncoding) [0x0005b] in <21010871e8cb4079b5e9593dc3e69066>:0 
  at System.IO.Compression.ZipFile.Open (System.String archiveFileName, System.IO.Compression.ZipArchiveMode mode) [0x00000] in <21010871e8cb4079b5e9593dc3e69066>:0 
  at System.IO.Compression.ZipFile.OpenRead (System.String archiveFileName) [0x00000] in <21010871e8cb4079b5e9593dc3e69066>:0 
  at NugetForUnity.NuspecFile.FromNupkgFile (System.String nupkgFilepath) [0x0000e] in <ee6cbe4822d046d98553a66d7fbaadcd>:0 
  at NugetForUnity.NugetPackage.FromNupkgFile (System.String nupkgFilepath) [0x00000] in <ee6cbe4822d046d98553a66d7fbaadcd>:0 
  at NugetForUnity.NugetHelper.GetCachedPackage (NugetForUnity.NugetPackageIdentifier packageId) [0x0004b] in <ee6cbe4822d046d98553a66d7fbaadcd>:0 
  at NugetForUnity.NugetHelper.GetSpecificPackage (NugetForUnity.NugetPackageIdentifier packageId) [0x00010] in <ee6cbe4822d046d98553a66d7fbaadcd>:0 
  at NugetForUnity.NugetHelper.InstallIdentifier (NugetForUnity.NugetPackageIdentifier package, System.Boolean refreshAssets) [0x0001e] in <ee6cbe4822d046d98553a66d7fbaadcd>:0 
  at NugetForUnity.NugetHelper.Restore () [0x000cc] in <ee6cbe4822d046d98553a66d7fbaadcd>:0 
UnityEngine.StackTraceUtility:ExtractStackTrace ()
UnityEngine.DebugLogHandler:LogFormat (UnityEngine.LogType,UnityEngine.Object,string,object[])
UnityEngine.Logger:LogFormat (UnityEngine.LogType,string,object[])
UnityEngine.Debug:LogErrorFormat (string,object[])
NugetForUnity.NugetHelper:Restore ()
NugetForUnity.NugetHelper:.cctor ()
System.Runtime.CompilerServices.RuntimeHelpers:RunClassConstructor (System.RuntimeTypeHandle)
UnityEditor.EditorAssemblies:ProcessInitializeOnLoadAttributes (System.Type[])

Mono: successfully reloaded assembly
- Completed reload, in  1.311 seconds
Platform modules already initialized, skipping
Switching build target platform(19) subTarget(0) extendedPlatform(0) -> platform(13) subTarget(537395200) extendedPlatform(0)
Refreshing native plugins compatible for Editor in 0.28 ms, found 2 plugins.
Preloading 0 native plugins for Editor in 0.00 ms.
Unloading 1409 Unused Serialized files (Serialized files now loaded: 0)
System memory in use before: 68.0 MB.
System memory in use after: 68.0 MB.

Unloading 19 unused Assets to reduce memory usage. Loaded Objects now: 1850.
Total: 1.909400 ms (FindLiveObjects: 0.229600 ms CreateObjectMapping: 0.080800 ms MarkObjects: 1.521200 ms  DeleteObjects: 0.076700 ms)

AssetImportParameters requested are different than current active one (requested -> active):
  custom:graphics/normal-map-encoding: 01000000000000000000000000000000 -> 02000000000000000000000000000000
AssetImportWorkerClient::OnTransportError - code=2 error=End of file
