Using pre-set license
Built from '2020.3/staging' branch; Version is '2020.3.10f1 (297d780c91bc) revision 2719096'; Using compiler version '192528614'; Build Type 'Release'
OS: 'Windows 10 Home China; OS build 19042.985; Version 2009; 64bit' Language: 'zh' Physical Memory: 16208 MB
BatchMode: 1, IsHumanControllingUs: 0, StartBugReporterOnCrash: 0, Is64bit: 1, IsPro: 0

 COMMAND LINE ARGUMENTS:
D:\UnityInstall\2020.3.10f1\Editor\Unity.exe
-adb2
-batchMode
-noUpm
-name
AssetImportWorker0
-projectPath
D:/SmartMusicNetCoreAudio/SmartMusicClient
-logFile
Logs/AssetImportWorker0.log
-srvPort
50952
Successfully changed project path to: D:/SmartMusicNetCoreAudio/SmartMusicClient
D:/SmartMusicNetCoreAudio/SmartMusicClient
Using Asset Import Pipeline V2.
Refreshing native plugins compatible for Editor in 21.36 ms, found 2 plugins.
Preloading 0 native plugins for Editor in 0.00 ms.
Initialize engine version: 2020.3.10f1 (297d780c91bc)
[Subsystems] Discovering subsystems at path D:/UnityInstall/2020.3.10f1/Editor/Data/Resources/UnitySubsystems
[Subsystems] Discovering subsystems at path D:/SmartMusicNetCoreAudio/SmartMusicClient/Assets
GfxDevice: creating device client; threaded=0
Direct3D:
    Version:  Direct3D 11.0 [level 11.1]
    Renderer: NVIDIA GeForce GTX 1650 SUPER (ID=0x2187)
    Vendor:   
    VRAM:     3955 MB
    Driver:   27.21.14.5785
Initialize mono
Mono path[0] = 'D:/UnityInstall/2020.3.10f1/Editor/Data/Managed'
Mono path[1] = 'D:/UnityInstall/2020.3.10f1/Editor/Data/MonoBleedingEdge/lib/mono/unityjit'
Mono config path = 'D:/UnityInstall/2020.3.10f1/Editor/Data/MonoBleedingEdge/etc'
Using monoOptions --debugger-agent=transport=dt_socket,embedding=1,server=y,suspend=n,address=127.0.0.1:56956
Begin MonoManager ReloadAssembly
Registering precompiled unity dll's ...
Register platform support module: D:/UnityInstall/2020.3.10f1/Editor/Data/PlaybackEngines/WindowsStandaloneSupport/UnityEditor.WindowsStandalone.Extensions.dll
Registered in 0.000744 seconds.
Native extension for WindowsStandalone target not found
Refreshing native plugins compatible for Editor in 21.12 ms, found 2 plugins.
Preloading 0 native plugins for Editor in 0.00 ms.
Mono: successfully reloaded assembly
- Completed reload, in  1.597 seconds
Platform modules already initialized, skipping
Registering precompiled user dll's ...
Registered in 0.002617 seconds.
Begin MonoManager ReloadAssembly
Native extension for WindowsStandalone target not found
Refreshing native plugins compatible for Editor in 0.28 ms, found 2 plugins.
Preloading 0 native plugins for Editor in 0.00 ms.
DisplayProgressbar: Restoring NuGet Packages
System.IO.InvalidDataException: End of Central Directory record could not be found.
  at System.IO.Compression.ZipArchive.ReadEndOfCentralDirectory () [0x0002c] in <893b20abc59547dc8b2fd41a7233777e>:0 
  at System.IO.Compression.ZipArchive.Init (System.IO.Stream stream, System.IO.Compression.ZipArchiveMode mode, System.Boolean leaveOpen) [0x001c8] in <893b20abc59547dc8b2fd41a7233777e>:0 
  at System.IO.Compression.ZipArchive..ctor (System.IO.Stream stream, System.IO.Compression.ZipArchiveMode mode, System.Boolean leaveOpen, System.Text.Encoding entryNameEncoding) [0x0001c] in <893b20abc59547dc8b2fd41a7233777e>:0 
  at System.IO.Compression.ZipFile.Open (System.String archiveFileName, System.IO.Compression.ZipArchiveMode mode, System.Text.Encoding entryNameEncoding) [0x0005b] in <21010871e8cb4079b5e9593dc3e69066>:0 
  at System.IO.Compression.ZipFile.Open (System.String archiveFileName, System.IO.Compression.ZipArchiveMode mode) [0x00000] in <21010871e8cb4079b5e9593dc3e69066>:0 
  at System.IO.Compression.ZipFile.OpenRead (System.String archiveFileName) [0x00000] in <21010871e8cb4079b5e9593dc3e69066>:0 
  at NugetForUnity.NuspecFile.FromNupkgFile (System.String nupkgFilepath) [0x0000e] in <ee6cbe4822d046d98553a66d7fbaadcd>:0 
  at NugetForUnity.NugetPackage.FromNupkgFile (System.String nupkgFilepath) [0x00000] in <ee6cbe4822d046d98553a66d7fbaadcd>:0 
  at NugetForUnity.NugetHelper.GetCachedPackage (NugetForUnity.NugetPackageIdentifier packageId) [0x0004b] in <ee6cbe4822d046d98553a66d7fbaadcd>:0 
  at NugetForUnity.NugetHelper.GetSpecificPackage (NugetForUnity.NugetPackageIdentifier packageId) [0x00010] in <ee6cbe4822d046d98553a66d7fbaadcd>:0 
  at NugetForUnity.NugetHelper.InstallIdentifier (NugetForUnity.NugetPackageIdentifier package, System.Boolean refreshAssets) [0x0001e] in <ee6cbe4822d046d98553a66d7fbaadcd>:0 
  at NugetForUnity.NugetHelper.Restore () [0x000cc] in <ee6cbe4822d046d98553a66d7fbaadcd>:0 
UnityEngine.StackTraceUtility:ExtractStackTrace ()
UnityEngine.DebugLogHandler:LogFormat (UnityEngine.LogType,UnityEngine.Object,string,object[])
UnityEngine.Logger:LogFormat (UnityEngine.LogType,string,object[])
UnityEngine.Debug:LogErrorFormat (string,object[])
NugetForUnity.NugetHelper:Restore ()
NugetForUnity.NugetHelper:.cctor ()
System.Runtime.CompilerServices.RuntimeHelpers:RunClassConstructor (System.RuntimeTypeHandle)
UnityEditor.EditorAssemblies:ProcessInitializeOnLoadAttributes (System.Type[])

Mono: successfully reloaded assembly
- Completed reload, in  0.879 seconds
Platform modules already initialized, skipping
========================================================================
Worker process is ready to serve import requests
Launched and connected shader compiler UnityShaderCompiler.exe after 0.07 seconds
Refreshing native plugins compatible for Editor in 0.27 ms, found 2 plugins.
Preloading 0 native plugins for Editor in 0.00 ms.
Unloading 1403 Unused Serialized files (Serialized files now loaded: 0)
System memory in use before: 67.7 MB.
System memory in use after: 67.8 MB.

Unloading 24 unused Assets to reduce memory usage. Loaded Objects now: 1834.
Total: 1.442700 ms (FindLiveObjects: 0.121400 ms CreateObjectMapping: 0.038300 ms MarkObjects: 1.227300 ms  DeleteObjects: 0.054900 ms)

========================================================================
Received Import Request.
  path: Assets/Audioinput/netstandard2.0
  artifactKey: Guid(ca2428bb576ed0d4096cce98b836b7f9) Importer(815301076,1909f56bfc062723c751e8b465ee728b)
Start importing Assets/Audioinput/netstandard2.0 using Guid(ca2428bb576ed0d4096cce98b836b7f9) Importer(815301076,1909f56bfc062723c751e8b465ee728b)  -> (artifact id: 'cbe80989f807c661b96de003f78c2e17') in 0.003206 seconds
  Import took 0.004797 seconds .

========================================================================
Received Prepare
Registering precompiled user dll's ...
Registered in 0.002432 seconds.
Begin MonoManager ReloadAssembly
Native extension for WindowsStandalone target not found
Refreshing native plugins compatible for Editor in 0.29 ms, found 2 plugins.
Preloading 0 native plugins for Editor in 0.00 ms.
System.IO.InvalidDataException: End of Central Directory record could not be found.
  at System.IO.Compression.ZipArchive.ReadEndOfCentralDirectory () [0x0002c] in <893b20abc59547dc8b2fd41a7233777e>:0 
  at System.IO.Compression.ZipArchive.Init (System.IO.Stream stream, System.IO.Compression.ZipArchiveMode mode, System.Boolean leaveOpen) [0x001c8] in <893b20abc59547dc8b2fd41a7233777e>:0 
  at System.IO.Compression.ZipArchive..ctor (System.IO.Stream stream, System.IO.Compression.ZipArchiveMode mode, System.Boolean leaveOpen, System.Text.Encoding entryNameEncoding) [0x0001c] in <893b20abc59547dc8b2fd41a7233777e>:0 
  at System.IO.Compression.ZipFile.Open (System.String archiveFileName, System.IO.Compression.ZipArchiveMode mode, System.Text.Encoding entryNameEncoding) [0x0005b] in <21010871e8cb4079b5e9593dc3e69066>:0 
  at System.IO.Compression.ZipFile.Open (System.String archiveFileName, System.IO.Compression.ZipArchiveMode mode) [0x00000] in <21010871e8cb4079b5e9593dc3e69066>:0 
  at System.IO.Compression.ZipFile.OpenRead (System.String archiveFileName) [0x00000] in <21010871e8cb4079b5e9593dc3e69066>:0 
  at NugetForUnity.NuspecFile.FromNupkgFile (System.String nupkgFilepath) [0x0000e] in <ee6cbe4822d046d98553a66d7fbaadcd>:0 
  at NugetForUnity.NugetPackage.FromNupkgFile (System.String nupkgFilepath) [0x00000] in <ee6cbe4822d046d98553a66d7fbaadcd>:0 
  at NugetForUnity.NugetHelper.GetCachedPackage (NugetForUnity.NugetPackageIdentifier packageId) [0x0004b] in <ee6cbe4822d046d98553a66d7fbaadcd>:0 
  at NugetForUnity.NugetHelper.GetSpecificPackage (NugetForUnity.NugetPackageIdentifier packageId) [0x00010] in <ee6cbe4822d046d98553a66d7fbaadcd>:0 
  at NugetForUnity.NugetHelper.InstallIdentifier (NugetForUnity.NugetPackageIdentifier package, System.Boolean refreshAssets) [0x0001e] in <ee6cbe4822d046d98553a66d7fbaadcd>:0 
  at NugetForUnity.NugetHelper.Restore () [0x000cc] in <ee6cbe4822d046d98553a66d7fbaadcd>:0 
UnityEngine.StackTraceUtility:ExtractStackTrace ()
UnityEngine.DebugLogHandler:LogFormat (UnityEngine.LogType,UnityEngine.Object,string,object[])
UnityEngine.Logger:LogFormat (UnityEngine.LogType,string,object[])
UnityEngine.Debug:LogErrorFormat (string,object[])
NugetForUnity.NugetHelper:Restore ()
NugetForUnity.NugetHelper:.cctor ()
System.Runtime.CompilerServices.RuntimeHelpers:RunClassConstructor (System.RuntimeTypeHandle)
UnityEditor.EditorAssemblies:ProcessInitializeOnLoadAttributes (System.Type[])

Mono: successfully reloaded assembly
- Completed reload, in  0.834 seconds
Platform modules already initialized, skipping
Switching build target platform(19) subTarget(0) extendedPlatform(0) -> platform(13) subTarget(537395200) extendedPlatform(0)
Refreshing native plugins compatible for Editor in 0.33 ms, found 2 plugins.
Preloading 0 native plugins for Editor in 0.00 ms.
Unloading 1402 Unused Serialized files (Serialized files now loaded: 0)
System memory in use before: 67.7 MB.
System memory in use after: 67.8 MB.

Unloading 19 unused Assets to reduce memory usage. Loaded Objects now: 1838.
Total: 1.408200 ms (FindLiveObjects: 0.118600 ms CreateObjectMapping: 0.037500 ms MarkObjects: 1.212600 ms  DeleteObjects: 0.038700 ms)

AssetImportParameters requested are different than current active one (requested -> active):
  custom:graphics/normal-map-encoding: 01000000000000000000000000000000 -> 02000000000000000000000000000000
========================================================================
Received Prepare
Registering precompiled user dll's ...
Registered in 0.002418 seconds.
Begin MonoManager ReloadAssembly
Native extension for WindowsStandalone target not found
Refreshing native plugins compatible for Editor in 0.29 ms, found 2 plugins.
Preloading 0 native plugins for Editor in 0.00 ms.
System.IO.InvalidDataException: End of Central Directory record could not be found.
  at System.IO.Compression.ZipArchive.ReadEndOfCentralDirectory () [0x0002c] in <893b20abc59547dc8b2fd41a7233777e>:0 
  at System.IO.Compression.ZipArchive.Init (System.IO.Stream stream, System.IO.Compression.ZipArchiveMode mode, System.Boolean leaveOpen) [0x001c8] in <893b20abc59547dc8b2fd41a7233777e>:0 
  at System.IO.Compression.ZipArchive..ctor (System.IO.Stream stream, System.IO.Compression.ZipArchiveMode mode, System.Boolean leaveOpen, System.Text.Encoding entryNameEncoding) [0x0001c] in <893b20abc59547dc8b2fd41a7233777e>:0 
  at System.IO.Compression.ZipFile.Open (System.String archiveFileName, System.IO.Compression.ZipArchiveMode mode, System.Text.Encoding entryNameEncoding) [0x0005b] in <21010871e8cb4079b5e9593dc3e69066>:0 
  at System.IO.Compression.ZipFile.Open (System.String archiveFileName, System.IO.Compression.ZipArchiveMode mode) [0x00000] in <21010871e8cb4079b5e9593dc3e69066>:0 
  at System.IO.Compression.ZipFile.OpenRead (System.String archiveFileName) [0x00000] in <21010871e8cb4079b5e9593dc3e69066>:0 
  at NugetForUnity.NuspecFile.FromNupkgFile (System.String nupkgFilepath) [0x0000e] in <ee6cbe4822d046d98553a66d7fbaadcd>:0 
  at NugetForUnity.NugetPackage.FromNupkgFile (System.String nupkgFilepath) [0x00000] in <ee6cbe4822d046d98553a66d7fbaadcd>:0 
  at NugetForUnity.NugetHelper.GetCachedPackage (NugetForUnity.NugetPackageIdentifier packageId) [0x0004b] in <ee6cbe4822d046d98553a66d7fbaadcd>:0 
  at NugetForUnity.NugetHelper.GetSpecificPackage (NugetForUnity.NugetPackageIdentifier packageId) [0x00010] in <ee6cbe4822d046d98553a66d7fbaadcd>:0 
  at NugetForUnity.NugetHelper.InstallIdentifier (NugetForUnity.NugetPackageIdentifier package, System.Boolean refreshAssets) [0x0001e] in <ee6cbe4822d046d98553a66d7fbaadcd>:0 
  at NugetForUnity.NugetHelper.Restore () [0x000cc] in <ee6cbe4822d046d98553a66d7fbaadcd>:0 
UnityEngine.StackTraceUtility:ExtractStackTrace ()
UnityEngine.DebugLogHandler:LogFormat (UnityEngine.LogType,UnityEngine.Object,string,object[])
UnityEngine.Logger:LogFormat (UnityEngine.LogType,string,object[])
UnityEngine.Debug:LogErrorFormat (string,object[])
NugetForUnity.NugetHelper:Restore ()
NugetForUnity.NugetHelper:.cctor ()
System.Runtime.CompilerServices.RuntimeHelpers:RunClassConstructor (System.RuntimeTypeHandle)
UnityEditor.EditorAssemblies:ProcessInitializeOnLoadAttributes (System.Type[])

Mono: successfully reloaded assembly
- Completed reload, in  0.834 seconds
Platform modules already initialized, skipping
Switching build target platform(19) subTarget(0) extendedPlatform(0) -> platform(13) subTarget(537395200) extendedPlatform(0)
Refreshing native plugins compatible for Editor in 0.25 ms, found 2 plugins.
Preloading 0 native plugins for Editor in 0.00 ms.
Unloading 1402 Unused Serialized files (Serialized files now loaded: 0)
System memory in use before: 67.7 MB.
System memory in use after: 67.8 MB.

Unloading 19 unused Assets to reduce memory usage. Loaded Objects now: 1841.
Total: 1.459600 ms (FindLiveObjects: 0.120600 ms CreateObjectMapping: 0.036000 ms MarkObjects: 1.262200 ms  DeleteObjects: 0.040000 ms)

AssetImportParameters requested are different than current active one (requested -> active):
  custom:graphics/normal-map-encoding: 01000000000000000000000000000000 -> 02000000000000000000000000000000
========================================================================
Received Import Request.
  Time since last request: 156.307450 seconds.
  path: Assets/Audioinput
  artifactKey: Guid(01c3e2b0117991d4487afda9893341a2) Importer(815301076,1909f56bfc062723c751e8b465ee728b)
Start importing Assets/Audioinput using Guid(01c3e2b0117991d4487afda9893341a2) Importer(815301076,1909f56bfc062723c751e8b465ee728b)  -> (artifact id: '5237892c3227ef0eb2c89830f99cbc1c') in 0.003583 seconds
  Import took 0.005418 seconds .

========================================================================
Received Import Request.
  Time since last request: 3.017472 seconds.
  path: Assets/AudioControl.cs
  artifactKey: Guid(27bc79db751108b40a71eca22e3e3cde) Importer(815301076,1909f56bfc062723c751e8b465ee728b)
Start importing Assets/AudioControl.cs using Guid(27bc79db751108b40a71eca22e3e3cde) Importer(815301076,1909f56bfc062723c751e8b465ee728b)  -> (artifact id: 'e3e1a587fc4a1324cd561a16d7be1a5b') in 0.036388 seconds
  Import took 0.038592 seconds .

========================================================================
Received Prepare
Registering precompiled user dll's ...
Registered in 0.002493 seconds.
Begin MonoManager ReloadAssembly
Native extension for WindowsStandalone target not found
Refreshing native plugins compatible for Editor in 0.28 ms, found 2 plugins.
Preloading 0 native plugins for Editor in 0.00 ms.
System.IO.InvalidDataException: End of Central Directory record could not be found.
  at System.IO.Compression.ZipArchive.ReadEndOfCentralDirectory () [0x0002c] in <893b20abc59547dc8b2fd41a7233777e>:0 
  at System.IO.Compression.ZipArchive.Init (System.IO.Stream stream, System.IO.Compression.ZipArchiveMode mode, System.Boolean leaveOpen) [0x001c8] in <893b20abc59547dc8b2fd41a7233777e>:0 
  at System.IO.Compression.ZipArchive..ctor (System.IO.Stream stream, System.IO.Compression.ZipArchiveMode mode, System.Boolean leaveOpen, System.Text.Encoding entryNameEncoding) [0x0001c] in <893b20abc59547dc8b2fd41a7233777e>:0 
  at System.IO.Compression.ZipFile.Open (System.String archiveFileName, System.IO.Compression.ZipArchiveMode mode, System.Text.Encoding entryNameEncoding) [0x0005b] in <21010871e8cb4079b5e9593dc3e69066>:0 
  at System.IO.Compression.ZipFile.Open (System.String archiveFileName, System.IO.Compression.ZipArchiveMode mode) [0x00000] in <21010871e8cb4079b5e9593dc3e69066>:0 
  at System.IO.Compression.ZipFile.OpenRead (System.String archiveFileName) [0x00000] in <21010871e8cb4079b5e9593dc3e69066>:0 
  at NugetForUnity.NuspecFile.FromNupkgFile (System.String nupkgFilepath) [0x0000e] in <ee6cbe4822d046d98553a66d7fbaadcd>:0 
  at NugetForUnity.NugetPackage.FromNupkgFile (System.String nupkgFilepath) [0x00000] in <ee6cbe4822d046d98553a66d7fbaadcd>:0 
  at NugetForUnity.NugetHelper.GetCachedPackage (NugetForUnity.NugetPackageIdentifier packageId) [0x0004b] in <ee6cbe4822d046d98553a66d7fbaadcd>:0 
  at NugetForUnity.NugetHelper.GetSpecificPackage (NugetForUnity.NugetPackageIdentifier packageId) [0x00010] in <ee6cbe4822d046d98553a66d7fbaadcd>:0 
  at NugetForUnity.NugetHelper.InstallIdentifier (NugetForUnity.NugetPackageIdentifier package, System.Boolean refreshAssets) [0x0001e] in <ee6cbe4822d046d98553a66d7fbaadcd>:0 
  at NugetForUnity.NugetHelper.Restore () [0x000cc] in <ee6cbe4822d046d98553a66d7fbaadcd>:0 
UnityEngine.StackTraceUtility:ExtractStackTrace ()
UnityEngine.DebugLogHandler:LogFormat (UnityEngine.LogType,UnityEngine.Object,string,object[])
UnityEngine.Logger:LogFormat (UnityEngine.LogType,string,object[])
UnityEngine.Debug:LogErrorFormat (string,object[])
NugetForUnity.NugetHelper:Restore ()
NugetForUnity.NugetHelper:.cctor ()
System.Runtime.CompilerServices.RuntimeHelpers:RunClassConstructor (System.RuntimeTypeHandle)
UnityEditor.EditorAssemblies:ProcessInitializeOnLoadAttributes (System.Type[])

Mono: successfully reloaded assembly
- Completed reload, in  0.836 seconds
Platform modules already initialized, skipping
Switching build target platform(19) subTarget(0) extendedPlatform(0) -> platform(13) subTarget(537395200) extendedPlatform(0)
Refreshing native plugins compatible for Editor in 0.28 ms, found 2 plugins.
Preloading 0 native plugins for Editor in 0.00 ms.
Unloading 1402 Unused Serialized files (Serialized files now loaded: 0)
System memory in use before: 67.8 MB.
System memory in use after: 67.8 MB.

Unloading 19 unused Assets to reduce memory usage. Loaded Objects now: 1844.
Total: 1.419200 ms (FindLiveObjects: 0.118400 ms CreateObjectMapping: 0.037600 ms MarkObjects: 1.224600 ms  DeleteObjects: 0.037800 ms)

AssetImportParameters requested are different than current active one (requested -> active):
  custom:graphics/normal-map-encoding: 01000000000000000000000000000000 -> 02000000000000000000000000000000
========================================================================
Received Prepare
Registering precompiled user dll's ...
Registered in 0.005868 seconds.
Begin MonoManager ReloadAssembly
Native extension for WindowsStandalone target not found
Refreshing native plugins compatible for Editor in 0.31 ms, found 2 plugins.
Preloading 0 native plugins for Editor in 0.00 ms.
System.IO.InvalidDataException: End of Central Directory record could not be found.
  at System.IO.Compression.ZipArchive.ReadEndOfCentralDirectory () [0x0002c] in <893b20abc59547dc8b2fd41a7233777e>:0 
  at System.IO.Compression.ZipArchive.Init (System.IO.Stream stream, System.IO.Compression.ZipArchiveMode mode, System.Boolean leaveOpen) [0x001c8] in <893b20abc59547dc8b2fd41a7233777e>:0 
  at System.IO.Compression.ZipArchive..ctor (System.IO.Stream stream, System.IO.Compression.ZipArchiveMode mode, System.Boolean leaveOpen, System.Text.Encoding entryNameEncoding) [0x0001c] in <893b20abc59547dc8b2fd41a7233777e>:0 
  at System.IO.Compression.ZipFile.Open (System.String archiveFileName, System.IO.Compression.ZipArchiveMode mode, System.Text.Encoding entryNameEncoding) [0x0005b] in <21010871e8cb4079b5e9593dc3e69066>:0 
  at System.IO.Compression.ZipFile.Open (System.String archiveFileName, System.IO.Compression.ZipArchiveMode mode) [0x00000] in <21010871e8cb4079b5e9593dc3e69066>:0 
  at System.IO.Compression.ZipFile.OpenRead (System.String archiveFileName) [0x00000] in <21010871e8cb4079b5e9593dc3e69066>:0 
  at NugetForUnity.NuspecFile.FromNupkgFile (System.String nupkgFilepath) [0x0000e] in <ee6cbe4822d046d98553a66d7fbaadcd>:0 
  at NugetForUnity.NugetPackage.FromNupkgFile (System.String nupkgFilepath) [0x00000] in <ee6cbe4822d046d98553a66d7fbaadcd>:0 
  at NugetForUnity.NugetHelper.GetCachedPackage (NugetForUnity.NugetPackageIdentifier packageId) [0x0004b] in <ee6cbe4822d046d98553a66d7fbaadcd>:0 
  at NugetForUnity.NugetHelper.GetSpecificPackage (NugetForUnity.NugetPackageIdentifier packageId) [0x00010] in <ee6cbe4822d046d98553a66d7fbaadcd>:0 
  at NugetForUnity.NugetHelper.InstallIdentifier (NugetForUnity.NugetPackageIdentifier package, System.Boolean refreshAssets) [0x0001e] in <ee6cbe4822d046d98553a66d7fbaadcd>:0 
  at NugetForUnity.NugetHelper.Restore () [0x000cc] in <ee6cbe4822d046d98553a66d7fbaadcd>:0 
UnityEngine.StackTraceUtility:ExtractStackTrace ()
UnityEngine.DebugLogHandler:LogFormat (UnityEngine.LogType,UnityEngine.Object,string,object[])
UnityEngine.Logger:LogFormat (UnityEngine.LogType,string,object[])
UnityEngine.Debug:LogErrorFormat (string,object[])
NugetForUnity.NugetHelper:Restore ()
NugetForUnity.NugetHelper:.cctor ()
System.Runtime.CompilerServices.RuntimeHelpers:RunClassConstructor (System.RuntimeTypeHandle)
UnityEditor.EditorAssemblies:ProcessInitializeOnLoadAttributes (System.Type[])

Mono: successfully reloaded assembly
- Completed reload, in  0.902 seconds
Platform modules already initialized, skipping
Switching build target platform(19) subTarget(0) extendedPlatform(0) -> platform(13) subTarget(537395200) extendedPlatform(0)
Refreshing native plugins compatible for Editor in 0.57 ms, found 2 plugins.
Preloading 0 native plugins for Editor in 0.00 ms.
Unloading 1402 Unused Serialized files (Serialized files now loaded: 0)
System memory in use before: 67.8 MB.
System memory in use after: 67.9 MB.

Unloading 19 unused Assets to reduce memory usage. Loaded Objects now: 1847.
Total: 2.014600 ms (FindLiveObjects: 0.291600 ms CreateObjectMapping: 0.119600 ms MarkObjects: 1.546700 ms  DeleteObjects: 0.055200 ms)

AssetImportParameters requested are different than current active one (requested -> active):
  custom:graphics/normal-map-encoding: 01000000000000000000000000000000 -> 02000000000000000000000000000000
========================================================================
Received Prepare
Refreshing native plugins compatible for Editor in 2.88 ms, found 2 plugins.
Preloading 0 native plugins for Editor in 0.00 ms.
Unloading 17 Unused Serialized files (Serialized files now loaded: 0)
System memory in use before: 40.4 MB.
System memory in use after: 40.5 MB.

Unloading 17 unused Assets to reduce memory usage. Loaded Objects now: 1847.
Total: 1.549200 ms (FindLiveObjects: 0.144200 ms CreateObjectMapping: 0.046200 ms MarkObjects: 1.316600 ms  DeleteObjects: 0.041500 ms)

========================================================================
Received Prepare
Registering precompiled user dll's ...
Registered in 0.002498 seconds.
Begin MonoManager ReloadAssembly
Native extension for WindowsStandalone target not found
Refreshing native plugins compatible for Editor in 0.29 ms, found 2 plugins.
Preloading 0 native plugins for Editor in 0.00 ms.
System.IO.InvalidDataException: End of Central Directory record could not be found.
  at System.IO.Compression.ZipArchive.ReadEndOfCentralDirectory () [0x0002c] in <893b20abc59547dc8b2fd41a7233777e>:0 
  at System.IO.Compression.ZipArchive.Init (System.IO.Stream stream, System.IO.Compression.ZipArchiveMode mode, System.Boolean leaveOpen) [0x001c8] in <893b20abc59547dc8b2fd41a7233777e>:0 
  at System.IO.Compression.ZipArchive..ctor (System.IO.Stream stream, System.IO.Compression.ZipArchiveMode mode, System.Boolean leaveOpen, System.Text.Encoding entryNameEncoding) [0x0001c] in <893b20abc59547dc8b2fd41a7233777e>:0 
  at System.IO.Compression.ZipFile.Open (System.String archiveFileName, System.IO.Compression.ZipArchiveMode mode, System.Text.Encoding entryNameEncoding) [0x0005b] in <21010871e8cb4079b5e9593dc3e69066>:0 
  at System.IO.Compression.ZipFile.Open (System.String archiveFileName, System.IO.Compression.ZipArchiveMode mode) [0x00000] in <21010871e8cb4079b5e9593dc3e69066>:0 
  at System.IO.Compression.ZipFile.OpenRead (System.String archiveFileName) [0x00000] in <21010871e8cb4079b5e9593dc3e69066>:0 
  at NugetForUnity.NuspecFile.FromNupkgFile (System.String nupkgFilepath) [0x0000e] in <ee6cbe4822d046d98553a66d7fbaadcd>:0 
  at NugetForUnity.NugetPackage.FromNupkgFile (System.String nupkgFilepath) [0x00000] in <ee6cbe4822d046d98553a66d7fbaadcd>:0 
  at NugetForUnity.NugetHelper.GetCachedPackage (NugetForUnity.NugetPackageIdentifier packageId) [0x0004b] in <ee6cbe4822d046d98553a66d7fbaadcd>:0 
  at NugetForUnity.NugetHelper.GetSpecificPackage (NugetForUnity.NugetPackageIdentifier packageId) [0x00010] in <ee6cbe4822d046d98553a66d7fbaadcd>:0 
  at NugetForUnity.NugetHelper.InstallIdentifier (NugetForUnity.NugetPackageIdentifier package, System.Boolean refreshAssets) [0x0001e] in <ee6cbe4822d046d98553a66d7fbaadcd>:0 
  at NugetForUnity.NugetHelper.Restore () [0x000cc] in <ee6cbe4822d046d98553a66d7fbaadcd>:0 
UnityEngine.StackTraceUtility:ExtractStackTrace ()
UnityEngine.DebugLogHandler:LogFormat (UnityEngine.LogType,UnityEngine.Object,string,object[])
UnityEngine.Logger:LogFormat (UnityEngine.LogType,string,object[])
UnityEngine.Debug:LogErrorFormat (string,object[])
NugetForUnity.NugetHelper:Restore ()
NugetForUnity.NugetHelper:.cctor ()
System.Runtime.CompilerServices.RuntimeHelpers:RunClassConstructor (System.RuntimeTypeHandle)
UnityEditor.EditorAssemblies:ProcessInitializeOnLoadAttributes (System.Type[])

Mono: successfully reloaded assembly
- Completed reload, in  0.822 seconds
Platform modules already initialized, skipping
Switching build target platform(19) subTarget(0) extendedPlatform(0) -> platform(13) subTarget(537395200) extendedPlatform(0)
Refreshing native plugins compatible for Editor in 0.27 ms, found 2 plugins.
Preloading 0 native plugins for Editor in 0.00 ms.
Unloading 1402 Unused Serialized files (Serialized files now loaded: 0)
System memory in use before: 67.8 MB.
System memory in use after: 67.9 MB.

Unloading 19 unused Assets to reduce memory usage. Loaded Objects now: 1850.
Total: 1.467000 ms (FindLiveObjects: 0.126200 ms CreateObjectMapping: 0.040900 ms MarkObjects: 1.259300 ms  DeleteObjects: 0.039900 ms)

AssetImportParameters requested are different than current active one (requested -> active):
  custom:graphics/normal-map-encoding: 01000000000000000000000000000000 -> 02000000000000000000000000000000
========================================================================
Received Import Request.
  Time since last request: 1305.962165 seconds.
  path: Assets/AudioControl.cs
  artifactKey: Guid(27bc79db751108b40a71eca22e3e3cde) Importer(815301076,1909f56bfc062723c751e8b465ee728b)
Start importing Assets/AudioControl.cs using Guid(27bc79db751108b40a71eca22e3e3cde) Importer(815301076,1909f56bfc062723c751e8b465ee728b)  -> (artifact id: '648e143df37d2a9a4bfc98497cf4c9e1') in 0.004106 seconds
  Import took 0.006209 seconds .

========================================================================
Received Import Request.
  Time since last request: 0.026010 seconds.
  path: Assets/AudioControl.cs
  artifactKey: Guid(27bc79db751108b40a71eca22e3e3cde) Importer(815301076,1909f56bfc062723c751e8b465ee728b)
Start importing Assets/AudioControl.cs using Guid(27bc79db751108b40a71eca22e3e3cde) Importer(815301076,1909f56bfc062723c751e8b465ee728b)  -> (artifact id: '648e143df37d2a9a4bfc98497cf4c9e1') in 0.001491 seconds
  Import took 0.003317 seconds .

========================================================================
Received Prepare
Registering precompiled user dll's ...
Registered in 0.002556 seconds.
Begin MonoManager ReloadAssembly
Native extension for WindowsStandalone target not found
Refreshing native plugins compatible for Editor in 0.28 ms, found 2 plugins.
Preloading 0 native plugins for Editor in 0.00 ms.
System.IO.InvalidDataException: End of Central Directory record could not be found.
  at System.IO.Compression.ZipArchive.ReadEndOfCentralDirectory () [0x0002c] in <893b20abc59547dc8b2fd41a7233777e>:0 
  at System.IO.Compression.ZipArchive.Init (System.IO.Stream stream, System.IO.Compression.ZipArchiveMode mode, System.Boolean leaveOpen) [0x001c8] in <893b20abc59547dc8b2fd41a7233777e>:0 
  at System.IO.Compression.ZipArchive..ctor (System.IO.Stream stream, System.IO.Compression.ZipArchiveMode mode, System.Boolean leaveOpen, System.Text.Encoding entryNameEncoding) [0x0001c] in <893b20abc59547dc8b2fd41a7233777e>:0 
  at System.IO.Compression.ZipFile.Open (System.String archiveFileName, System.IO.Compression.ZipArchiveMode mode, System.Text.Encoding entryNameEncoding) [0x0005b] in <21010871e8cb4079b5e9593dc3e69066>:0 
  at System.IO.Compression.ZipFile.Open (System.String archiveFileName, System.IO.Compression.ZipArchiveMode mode) [0x00000] in <21010871e8cb4079b5e9593dc3e69066>:0 
  at System.IO.Compression.ZipFile.OpenRead (System.String archiveFileName) [0x00000] in <21010871e8cb4079b5e9593dc3e69066>:0 
  at NugetForUnity.NuspecFile.FromNupkgFile (System.String nupkgFilepath) [0x0000e] in <ee6cbe4822d046d98553a66d7fbaadcd>:0 
  at NugetForUnity.NugetPackage.FromNupkgFile (System.String nupkgFilepath) [0x00000] in <ee6cbe4822d046d98553a66d7fbaadcd>:0 
  at NugetForUnity.NugetHelper.GetCachedPackage (NugetForUnity.NugetPackageIdentifier packageId) [0x0004b] in <ee6cbe4822d046d98553a66d7fbaadcd>:0 
  at NugetForUnity.NugetHelper.GetSpecificPackage (NugetForUnity.NugetPackageIdentifier packageId) [0x00010] in <ee6cbe4822d046d98553a66d7fbaadcd>:0 
  at NugetForUnity.NugetHelper.InstallIdentifier (NugetForUnity.NugetPackageIdentifier package, System.Boolean refreshAssets) [0x0001e] in <ee6cbe4822d046d98553a66d7fbaadcd>:0 
  at NugetForUnity.NugetHelper.Restore () [0x000cc] in <ee6cbe4822d046d98553a66d7fbaadcd>:0 
UnityEngine.StackTraceUtility:ExtractStackTrace ()
UnityEngine.DebugLogHandler:LogFormat (UnityEngine.LogType,UnityEngine.Object,string,object[])
UnityEngine.Logger:LogFormat (UnityEngine.LogType,string,object[])
UnityEngine.Debug:LogErrorFormat (string,object[])
NugetForUnity.NugetHelper:Restore ()
NugetForUnity.NugetHelper:.cctor ()
System.Runtime.CompilerServices.RuntimeHelpers:RunClassConstructor (System.RuntimeTypeHandle)
UnityEditor.EditorAssemblies:ProcessInitializeOnLoadAttributes (System.Type[])

Mono: successfully reloaded assembly
- Completed reload, in  0.836 seconds
Platform modules already initialized, skipping
Switching build target platform(19) subTarget(0) extendedPlatform(0) -> platform(13) subTarget(537395200) extendedPlatform(0)
Refreshing native plugins compatible for Editor in 0.29 ms, found 2 plugins.
Preloading 0 native plugins for Editor in 0.00 ms.
Unloading 1402 Unused Serialized files (Serialized files now loaded: 0)
System memory in use before: 67.8 MB.
System memory in use after: 67.9 MB.

Unloading 19 unused Assets to reduce memory usage. Loaded Objects now: 1853.
Total: 1.693000 ms (FindLiveObjects: 0.147100 ms CreateObjectMapping: 0.045500 ms MarkObjects: 1.448600 ms  DeleteObjects: 0.050900 ms)

AssetImportParameters requested are different than current active one (requested -> active):
  custom:graphics/normal-map-encoding: 01000000000000000000000000000000 -> 02000000000000000000000000000000
========================================================================
Received Prepare
Registering precompiled user dll's ...
Registered in 0.002465 seconds.
Begin MonoManager ReloadAssembly
Native extension for WindowsStandalone target not found
Refreshing native plugins compatible for Editor in 0.28 ms, found 2 plugins.
Preloading 0 native plugins for Editor in 0.00 ms.
System.IO.InvalidDataException: End of Central Directory record could not be found.
  at System.IO.Compression.ZipArchive.ReadEndOfCentralDirectory () [0x0002c] in <893b20abc59547dc8b2fd41a7233777e>:0 
  at System.IO.Compression.ZipArchive.Init (System.IO.Stream stream, System.IO.Compression.ZipArchiveMode mode, System.Boolean leaveOpen) [0x001c8] in <893b20abc59547dc8b2fd41a7233777e>:0 
  at System.IO.Compression.ZipArchive..ctor (System.IO.Stream stream, System.IO.Compression.ZipArchiveMode mode, System.Boolean leaveOpen, System.Text.Encoding entryNameEncoding) [0x0001c] in <893b20abc59547dc8b2fd41a7233777e>:0 
  at System.IO.Compression.ZipFile.Open (System.String archiveFileName, System.IO.Compression.ZipArchiveMode mode, System.Text.Encoding entryNameEncoding) [0x0005b] in <21010871e8cb4079b5e9593dc3e69066>:0 
  at System.IO.Compression.ZipFile.Open (System.String archiveFileName, System.IO.Compression.ZipArchiveMode mode) [0x00000] in <21010871e8cb4079b5e9593dc3e69066>:0 
  at System.IO.Compression.ZipFile.OpenRead (System.String archiveFileName) [0x00000] in <21010871e8cb4079b5e9593dc3e69066>:0 
  at NugetForUnity.NuspecFile.FromNupkgFile (System.String nupkgFilepath) [0x0000e] in <ee6cbe4822d046d98553a66d7fbaadcd>:0 
  at NugetForUnity.NugetPackage.FromNupkgFile (System.String nupkgFilepath) [0x00000] in <ee6cbe4822d046d98553a66d7fbaadcd>:0 
  at NugetForUnity.NugetHelper.GetCachedPackage (NugetForUnity.NugetPackageIdentifier packageId) [0x0004b] in <ee6cbe4822d046d98553a66d7fbaadcd>:0 
  at NugetForUnity.NugetHelper.GetSpecificPackage (NugetForUnity.NugetPackageIdentifier packageId) [0x00010] in <ee6cbe4822d046d98553a66d7fbaadcd>:0 
  at NugetForUnity.NugetHelper.InstallIdentifier (NugetForUnity.NugetPackageIdentifier package, System.Boolean refreshAssets) [0x0001e] in <ee6cbe4822d046d98553a66d7fbaadcd>:0 
  at NugetForUnity.NugetHelper.Restore () [0x000cc] in <ee6cbe4822d046d98553a66d7fbaadcd>:0 
UnityEngine.StackTraceUtility:ExtractStackTrace ()
UnityEngine.DebugLogHandler:LogFormat (UnityEngine.LogType,UnityEngine.Object,string,object[])
UnityEngine.Logger:LogFormat (UnityEngine.LogType,string,object[])
UnityEngine.Debug:LogErrorFormat (string,object[])
NugetForUnity.NugetHelper:Restore ()
NugetForUnity.NugetHelper:.cctor ()
System.Runtime.CompilerServices.RuntimeHelpers:RunClassConstructor (System.RuntimeTypeHandle)
UnityEditor.EditorAssemblies:ProcessInitializeOnLoadAttributes (System.Type[])

Mono: successfully reloaded assembly
- Completed reload, in  0.829 seconds
Platform modules already initialized, skipping
Switching build target platform(19) subTarget(0) extendedPlatform(0) -> platform(13) subTarget(537395200) extendedPlatform(0)
Refreshing native plugins compatible for Editor in 0.29 ms, found 2 plugins.
Preloading 0 native plugins for Editor in 0.00 ms.
Unloading 1402 Unused Serialized files (Serialized files now loaded: 0)
System memory in use before: 67.8 MB.
System memory in use after: 67.9 MB.

Unloading 19 unused Assets to reduce memory usage. Loaded Objects now: 1856.
Total: 1.749800 ms (FindLiveObjects: 0.151500 ms CreateObjectMapping: 0.049500 ms MarkObjects: 1.499200 ms  DeleteObjects: 0.048800 ms)

AssetImportParameters requested are different than current active one (requested -> active):
  custom:graphics/normal-map-encoding: 01000000000000000000000000000000 -> 02000000000000000000000000000000
AssetImportWorkerClient::OnTransportError - code=2 error=End of file
